-------------------------------------------------------------------------------
Test set: tek.sdet.framework.runner.TestRunner
-------------------------------------------------------------------------------
Tests run: 1, Failures: 0, Errors: 1, Skipped: 0, Time elapsed: 9.88 s <<< FAILURE! - in tek.sdet.framework.runner.TestRunner
TEK Retail Application SignIn feature.Verify user can create an account into Retail website  Time elapsed: 9.597 s  <<< ERROR!
io.cucumber.junit.UndefinedStepException: 
The step 'User click on Sign in option' and 4 other step(s) are undefined.
You can implement these steps using the snippet(s) below:

@When("User click on Sign in option")
public void userClickOnSignInOption() {
    // Write code here that turns the phrase above into concrete actions
    throw new io.cucumber.java.PendingException();
}
@When("User click on Create New Account button")
public void userClickOnCreateNewAccountButton() {
    // Write code here that turns the phrase above into concrete actions
    throw new io.cucumber.java.PendingException();
}
@When("User fill the signUp information with below data")
public void userFillTheSignUpInformationWithBelowData(io.cucumber.datatable.DataTable dataTable) {
    // Write code here that turns the phrase above into concrete actions
    // For automatic transformation, change DataTable to one of
    // E, List<E>, List<List<E>>, List<Map<K,V>>, Map<K,V> or
    // Map<K, List<V>>. E,K,V must be a String, Integer, Float,
    // Double, Byte, Short, Long, BigInteger or BigDecimal.
    //
    // For other transformations you can register a DataTableType.
    throw new io.cucumber.java.PendingException();
}
@When("User click on SignUp button")
public void userClickOnSignUpButton() {
    // Write code here that turns the phrase above into concrete actions
    throw new io.cucumber.java.PendingException();
}
@Then("User should be logged into account page")
public void userShouldBeLoggedIntoAccountPage() {
    // Write code here that turns the phrase above into concrete actions
    throw new io.cucumber.java.PendingException();
}


